Using pre-set license
Built from '2020.3/release' branch; Version is '2020.3.34f1 (9a4c9c70452b) revision 10112156'; Using compiler version '192528614'; Build Type 'Release'
OS: 'Windows 10  (10.0.19044) 64bit Professional' Language: 'fr' Physical Memory: 3838 MB
BatchMode: 1, IsHumanControllingUs: 0, StartBugReporterOnCrash: 0, Is64bit: 1, IsPro: 0

COMMAND LINE ARGUMENTS:
C:\Program Files\Unity\Hub\Editor\2020.3.34f1\Editor\Unity.exe
-adb2
-batchMode
-noUpm
-name
AssetImportWorker7
-projectPath
C:/Users/hp/UI
-logFile
Logs/AssetImportWorker7.log
-srvPort
55133
Successfully changed project path to: C:/Users/hp/UI
C:/Users/hp/UI
Using Asset Import Pipeline V2.
Refreshing native plugins compatible for Editor in 448.73 ms, found 13 plugins.
Preloading 1 native plugins for Editor in 5.23 ms.
Initialize engine version: 2020.3.34f1 (9a4c9c70452b)
[Subsystems] Discovering subsystems at path C:/Program Files/Unity/Hub/Editor/2020.3.34f1/Editor/Data/Resources/UnitySubsystems
[Subsystems] Discovering subsystems at path C:/Users/hp/UI/Assets
GfxDevice: creating device client; threaded=0
Direct3D:
    Version:  Direct3D 11.0 [level 11.0]
    Renderer: Intel(R) HD Graphics (ID=0xf31)
    Vendor:   
    VRAM:     128 MB
    Driver:   10.18.10.4242
Initialize mono
Mono path[0] = 'C:/Program Files/Unity/Hub/Editor/2020.3.34f1/Editor/Data/Managed'
Mono path[1] = 'C:/Program Files/Unity/Hub/Editor/2020.3.34f1/Editor/Data/MonoBleedingEdge/lib/mono/unityjit'
Mono config path = 'C:/Program Files/Unity/Hub/Editor/2020.3.34f1/Editor/Data/MonoBleedingEdge/etc'
Using monoOptions --debugger-agent=transport=dt_socket,embedding=1,server=y,suspend=n,address=127.0.0.1:56904
Begin MonoManager ReloadAssembly
Registering precompiled unity dll's ...
Register platform support module: C:/Program Files/Unity/Hub/Editor/2020.3.34f1/Editor/Data/PlaybackEngines/WindowsStandaloneSupport/UnityEditor.WindowsStandalone.Extensions.dll
Registered in 0.010948 seconds.
Native extension for WindowsStandalone target not found
Refreshing native plugins compatible for Editor in 358.58 ms, found 13 plugins.
Preloading 1 native plugins for Editor in 0.35 ms.
Mono: successfully reloaded assembly
- Completed reload, in  3.149 seconds
Domain Reload Profiling:
	ReloadAssembly (3150ms)
		BeginReloadAssembly (313ms)
			ExecutionOrderSort (0ms)
			DisableScriptedObjects (0ms)
			BackupInstance (0ms)
			ReleaseScriptingObjects (0ms)
			CreateAndSetChildDomain (3ms)
		EndReloadAssembly (2461ms)
			LoadAssemblies (302ms)
			RebuildTransferFunctionScriptingTraits (0ms)
			SetupTypeCache (822ms)
			ReleaseScriptCaches (0ms)
			RebuildScriptCaches (168ms)
			SetupLoadedEditorAssemblies (990ms)
				LogAssemblyErrors (0ms)
				InitializePlatformSupportModulesInManaged (25ms)
				SetLoadedEditorAssemblies (1ms)
				RefreshPlugins (359ms)
				BeforeProcessingInitializeOnLoad (35ms)
				ProcessInitializeOnLoadAttributes (429ms)
				ProcessInitializeOnLoadMethodAttributes (140ms)
				AfterProcessingInitializeOnLoad (0ms)
				EditorAssembliesLoaded (1ms)
			ExecutionOrderSort2 (0ms)
			AwakeInstancesAfterBackupRestoration (0ms)
Platform modules already initialized, skipping
Registering precompiled user dll's ...
Registered in 0.058580 seconds.
Begin MonoManager ReloadAssembly
Native extension for WindowsStandalone target not found
Refreshing native plugins compatible for Editor in 332.34 ms, found 13 plugins.
Preloading 1 native plugins for Editor in 0.35 ms.
Failed to locate MixedRealityToolkit folders in the project.
UnityEngine.StackTraceUtility:ExtractStackTrace ()
UnityEngine.DebugLogHandler:LogFormat (UnityEngine.LogType,UnityEngine.Object,string,object[])
UnityEngine.Logger:Log (UnityEngine.LogType,object)
UnityEngine.Debug:LogWarning (object)
Microsoft.MixedReality.Toolkit.Utilities.Editor.MixedRealityToolkitFiles:MapRelativePathToAbsolutePath (Microsoft.MixedReality.Toolkit.Utilities.Editor.MixedRealityToolkitFiles/SearchType,Microsoft.MixedReality.Toolkit.Utilities.Editor.MixedRealityToolkitModuleType,string) (at Assets/MRTK/Core/Utilities/Editor/Setup/MixedRealityToolkitFiles.cs:538)
Microsoft.MixedReality.Toolkit.Utilities.Editor.MixedRealityToolkitFiles:MapRelativeFolderPathToAbsolutePath (Microsoft.MixedReality.Toolkit.Utilities.Editor.MixedRealityToolkitModuleType,string) (at Assets/MRTK/Core/Utilities/Editor/Setup/MixedRealityToolkitFiles.cs:361)
Microsoft.MixedReality.Toolkit.Utilities.Editor.MixedRealityToolkitPreserveSettings:EnsureLinkXml () (at Assets/MRTK/Core/Utilities/Editor/Setup/MixedRealityToolkitPreserveSettings.cs:65)
Microsoft.MixedReality.Toolkit.Utilities.Editor.EditorProjectUtilities:.cctor () (at Assets/MRTK/Core/Utilities/Editor/EditorProjectUtilities.cs:34)
System.Runtime.CompilerServices.RuntimeHelpers:RunClassConstructor (System.RuntimeTypeHandle)
UnityEditor.EditorAssemblies:ProcessInitializeOnLoadAttributes (System.Type[])

(Filename: Assets/MRTK/Core/Utilities/Editor/Setup/MixedRealityToolkitFiles.cs Line: 538)

System.ArgumentNullException: Value cannot be null.
Parameter name: path1
  at System.IO.Path.Combine (System.String path1, System.String path2) [0x00003] in <695d1cc93cca45069c528c15c9fdd749>:0 
  at Microsoft.MixedReality.Toolkit.Utilities.Editor.MixedRealityToolkitPreserveSettings.EnsureLinkXml () [0x0000b] in C:\Users\hp\UI\Assets\MRTK\Core\Utilities\Editor\Setup\MixedRealityToolkitPreserveSettings.cs:66 
  at Microsoft.MixedReality.Toolkit.Utilities.Editor.EditorProjectUtilities..cctor () [0x00022] in C:\Users\hp\UI\Assets\MRTK\Core\Utilities\Editor\EditorProjectUtilities.cs:34 
UnityEngine.StackTraceUtility:ExtractStackTrace ()
UnityEngine.DebugLogHandler:LogFormat (UnityEngine.LogType,UnityEngine.Object,string,object[])
UnityEngine.Logger:Log (UnityEngine.LogType,object)
UnityEngine.Debug:LogError (object)
UnityEditor.EditorAssemblies:ProcessInitializeOnLoadAttributes (System.Type[])

